# JRE version: OpenJDK Runtime Environment (8.0_242-b01) (build 1.8.0_242-release-1644-b01)
# Java VM: OpenJDK 64-Bit Server VM (25.242-b01 mixed mode windows-amd64 compressed oops)
Heap:
 PSYoungGen      total 274432K, used 118570K [0x00000000e0000000, 0x00000000f3500000, 0x0000000100000000)
  eden space 233984K, 35% used [0x00000000e0000000,0x00000000e517acb8,0x00000000ee480000)
  from space 40448K, 86% used [0x00000000ee480000,0x00000000f06cfce8,0x00000000f0c00000)
  to   space 32768K, 0% used [0x00000000f0c00000,0x00000000f0c00000,0x00000000f2c00000)
 ParOldGen       total 160256K, used 45106K [0x00000000a0000000, 0x00000000a9c80000, 0x00000000e0000000)
  object space 160256K, 28% used [0x00000000a0000000,0x00000000a2c0c968,0x00000000a9c80000)
 Metaspace       used 82034K, capacity 85668K, committed 85976K, reserved 1124352K
  class space    used 10730K, capacity 11395K, committed 11520K, reserved 1048576K
GC Heap History (10 events):
Event: 9.624 GC heap before
{Heap before GC invocations=14 (full 3):
 PSYoungGen      total 198144K, used 177152K [0x00000000e0000000, 0x00000000ee500000, 0x0000000100000000)
  eden space 177152K, 100% used [0x00000000e0000000,0x00000000ead00000,0x00000000ead00000)
  from space 20992K, 0% used [0x00000000ec480000,0x00000000ec480000,0x00000000ed900000)
  to   space 24064K, 0% used [0x00000000ead00000,0x00000000ead00000,0x00000000ec480000)
 ParOldGen       total 160256K, used 34979K [0x00000000a0000000, 0x00000000a9c80000, 0x00000000e0000000)
  object space 160256K, 21% used [0x00000000a0000000,0x00000000a2228cb0,0x00000000a9c80000)
 Metaspace       used 65948K, capacity 68770K, committed 69080K, reserved 1107968K
  class space    used 9097K, capacity 9665K, committed 9728K, reserved 1048576K
Event: 9.647 GC heap after
Heap after GC invocations=14 (full 3):
 PSYoungGen      total 201216K, used 17386K [0x00000000e0000000, 0x00000000efe00000, 0x0000000100000000)
  eden space 177152K, 0% used [0x00000000e0000000,0x00000000e0000000,0x00000000ead00000)
  from space 24064K, 72% used [0x00000000ead00000,0x00000000ebdfaa70,0x00000000ec480000)
  to   space 25088K, 0% used [0x00000000ee580000,0x00000000ee580000,0x00000000efe00000)
 ParOldGen       total 160256K, used 34987K [0x00000000a0000000, 0x00000000a9c80000, 0x00000000e0000000)
  object space 160256K, 21% used [0x00000000a0000000,0x00000000a222acb0,0x00000000a9c80000)
 Metaspace       used 65948K, capacity 68770K, committed 69080K, reserved 1107968K
  class space    used 9097K, capacity 9665K, committed 9728K, reserved 1048576K
}
Event: 11.224 GC heap before
{Heap before GC invocations=15 (full 3):
 PSYoungGen      total 201216K, used 194538K [0x00000000e0000000, 0x00000000efe00000, 0x0000000100000000)
  eden space 177152K, 100% used [0x00000000e0000000,0x00000000ead00000,0x00000000ead00000)
  from space 24064K, 72% used [0x00000000ead00000,0x00000000ebdfaa70,0x00000000ec480000)
  to   space 25088K, 0% used [0x00000000ee580000,0x00000000ee580000,0x00000000efe00000)
 ParOldGen       total 160256K, used 34987K [0x00000000a0000000, 0x00000000a9c80000, 0x00000000e0000000)
  object space 160256K, 21% used [0x00000000a0000000,0x00000000a222acb0,0x00000000a9c80000)
 Metaspace       used 70556K, capacity 73632K, committed 73816K, reserved 1112064K
  class space    used 9613K, capacity 10244K, committed 10368K, reserved 1048576K
Event: 11.251 GC heap after
Heap after GC invocations=15 (full 3):
 PSYoungGen      total 232448K, used 21870K [0x00000000e0000000, 0x00000000f0300000, 0x0000000100000000)
  eden space 207360K, 0% used [0x00000000e0000000,0x00000000e0000000,0x00000000eca80000)
  from space 25088K, 87% used [0x00000000ee580000,0x00000000efadbb50,0x00000000efe00000)
  to   space 27648K, 0% used [0x00000000eca80000,0x00000000eca80000,0x00000000ee580000)
 ParOldGen       total 160256K, used 34995K [0x00000000a0000000, 0x00000000a9c80000, 0x00000000e0000000)
  object space 160256K, 21% used [0x00000000a0000000,0x00000000a222ccb0,0x00000000a9c80000)
 Metaspace       used 70556K, capacity 73632K, committed 73816K, reserved 1112064K
  class space    used 9613K, capacity 10244K, committed 10368K, reserved 1048576K
}
Event: 14.571 GC heap before
{Heap before GC invocations=16 (full 3):
 PSYoungGen      total 232448K, used 229230K [0x00000000e0000000, 0x00000000f0300000, 0x0000000100000000)
  eden space 207360K, 100% used [0x00000000e0000000,0x00000000eca80000,0x00000000eca80000)
  from space 25088K, 87% used [0x00000000ee580000,0x00000000efadbb50,0x00000000efe00000)
  to   space 27648K, 0% used [0x00000000eca80000,0x00000000eca80000,0x00000000ee580000)
 ParOldGen       total 160256K, used 34995K [0x00000000a0000000, 0x00000000a9c80000, 0x00000000e0000000)
  object space 160256K, 21% used [0x00000000a0000000,0x00000000a222ccb0,0x00000000a9c80000)
 Metaspace       used 72580K, capacity 75854K, committed 75992K, reserved 1114112K
  class space    used 9834K, capacity 10469K, committed 10496K, reserved 1048576K
Event: 14.595 GC heap after
Heap after GC invocations=16 (full 3):
 PSYoungGen      total 235008K, used 27634K [0x00000000e0000000, 0x00000000f2c00000, 0x0000000100000000)
  eden space 207360K, 0% used [0x00000000e0000000,0x00000000e0000000,0x00000000eca80000)
  from space 27648K, 99% used [0x00000000eca80000,0x00000000ee57cab0,0x00000000ee580000)
  to   space 32768K, 0% used [0x00000000f0c00000,0x00000000f0c00000,0x00000000f2c00000)
 ParOldGen       total 160256K, used 38183K [0x00000000a0000000, 0x00000000a9c80000, 0x00000000e0000000)
  object space 160256K, 23% used [0x00000000a0000000,0x00000000a2549f10,0x00000000a9c80000)
 Metaspace       used 72580K, capacity 75854K, committed 75992K, reserved 1114112K
  class space    used 9834K, capacity 10469K, committed 10496K, reserved 1048576K
}
Event: 71.254 GC heap before
{Heap before GC invocations=17 (full 3):
 PSYoungGen      total 235008K, used 234994K [0x00000000e0000000, 0x00000000f2c00000, 0x0000000100000000)
  eden space 207360K, 100% used [0x00000000e0000000,0x00000000eca80000,0x00000000eca80000)
  from space 27648K, 99% used [0x00000000eca80000,0x00000000ee57cab0,0x00000000ee580000)
  to   space 32768K, 0% used [0x00000000f0c00000,0x00000000f0c00000,0x00000000f2c00000)
 ParOldGen       total 160256K, used 38183K [0x00000000a0000000, 0x00000000a9c80000, 0x00000000e0000000)
  object space 160256K, 23% used [0x00000000a0000000,0x00000000a2549f10,0x00000000a9c80000)
 Metaspace       used 80023K, capacity 83546K, committed 83672K, reserved 1122304K
  class space    used 10563K, capacity 11234K, committed 11264K, reserved 1048576K
Event: 71.291 GC heap after
Heap after GC invocations=17 (full 3):
 PSYoungGen      total 266752K, used 32749K [0x00000000e0000000, 0x00000000f3500000, 0x0000000100000000)
  eden space 233984K, 0% used [0x00000000e0000000,0x00000000e0000000,0x00000000ee480000)
  from space 32768K, 99% used [0x00000000f0c00000,0x00000000f2bfb510,0x00000000f2c00000)
  to   space 40448K, 0% used [0x00000000ee480000,0x00000000ee480000,0x00000000f0c00000)
 ParOldGen       total 160256K, used 45098K [0x00000000a0000000, 0x00000000a9c80000, 0x00000000e0000000)
  object space 160256K, 28% used [0x00000000a0000000,0x00000000a2c0a968,0x00000000a9c80000)
 Metaspace       used 80023K, capacity 83546K, committed 83672K, reserved 1122304K
  class space    used 10563K, capacity 11234K, committed 11264K, reserved 1048576K
}
Event: 143.590 GC heap before
{Heap before GC invocations=18 (full 3):
 PSYoungGen      total 266752K, used 266733K [0x00000000e0000000, 0x00000000f3500000, 0x0000000100000000)
  eden space 233984K, 100% used [0x00000000e0000000,0x00000000ee480000,0x00000000ee480000)
  from space 32768K, 99% used [0x00000000f0c00000,0x00000000f2bfb510,0x00000000f2c00000)
  to   space 40448K, 0% used [0x00000000ee480000,0x00000000ee480000,0x00000000f0c00000)
 ParOldGen       total 160256K, used 45098K [0x00000000a0000000, 0x00000000a9c80000, 0x00000000e0000000)
  object space 160256K, 28% used [0x00000000a0000000,0x00000000a2c0a968,0x00000000a9c80000)
 Metaspace       used 81636K, capacity 85272K, committed 85464K, reserved 1124352K
  class space    used 10707K, capacity 11393K, committed 11520K, reserved 1048576K
Event: 143.623 GC heap after
Heap after GC invocations=18 (full 3):
 PSYoungGen      total 274432K, used 35135K [0x00000000e0000000, 0x00000000f3500000, 0x0000000100000000)
  eden space 233984K, 0% used [0x00000000e0000000,0x00000000e0000000,0x00000000ee480000)
  from space 40448K, 86% used [0x00000000ee480000,0x00000000f06cfce8,0x00000000f0c00000)
  to   space 32768K, 0% used [0x00000000f0c00000,0x00000000f0c00000,0x00000000f2c00000)
 ParOldGen       total 160256K, used 45106K [0x00000000a0000000, 0x00000000a9c80000, 0x00000000e0000000)
  object space 160256K, 28% used [0x00000000a0000000,0x00000000a2c0c968,0x00000000a9c80000)
 Metaspace       used 81636K, capacity 85272K, committed 85464K, reserved 1124352K
  class space    used 10707K, capacity 11393K, committed 11520K, reserved 1048576K
}

